# JRE version: OpenJDK Runtime Environment (8.0_152-b01) (build 1.8.0_152-release-915-b01)
# Java VM: OpenJDK 64-Bit Server VM (25.152-b01 mixed mode linux-amd64 compressed oops)
Heap:
 PSYoungGen      total 119808K, used 9204K [0x00000000e0000000, 0x00000000e8400000, 0x0000000100000000)
  eden space 110592K, 0% used [0x00000000e0000000,0x00000000e0000000,0x00000000e6c00000)
  from space 9216K, 99% used [0x00000000e7200000,0x00000000e7afd290,0x00000000e7b00000)
  to   space 7168K, 0% used [0x00000000e7d00000,0x00000000e7d00000,0x00000000e8400000)
 ParOldGen       total 30720K, used 11533K [0x00000000a0000000, 0x00000000a1e00000, 0x00000000e0000000)
  object space 30720K, 37% used [0x00000000a0000000,0x00000000a0b43740,0x00000000a1e00000)
 Metaspace       used 32725K, capacity 33470K, committed 33664K, reserved 1079296K
  class space    used 4439K, capacity 4714K, committed 4736K, reserved 1048576K
GC Heap History (10 events):
Event: 2.535 GC heap after
Heap after GC invocations=5 (full 0):
 PSYoungGen      total 33280K, used 2528K [0x00000000e0000000, 0x00000000e4a00000, 0x0000000100000000)
  eden space 30720K, 0% used [0x00000000e0000000,0x00000000e0000000,0x00000000e1e00000)
  from space 2560K, 98% used [0x00000000e1e00000,0x00000000e2078030,0x00000000e2080000)
  to   space 7168K, 0% used [0x00000000e4300000,0x00000000e4300000,0x00000000e4a00000)
 ParOldGen       total 40960K, used 7345K [0x00000000a0000000, 0x00000000a2800000, 0x00000000e0000000)
  object space 40960K, 17% used [0x00000000a0000000,0x00000000a072c720,0x00000000a2800000)
 Metaspace       used 14678K, capacity 15054K, committed 15360K, reserved 1062912K
  class space    used 2090K, capacity 2217K, committed 2304K, reserved 1048576K
}
Event: 3.618 GC heap before
{Heap before GC invocations=6 (full 0):
 PSYoungGen      total 33280K, used 33248K [0x00000000e0000000, 0x00000000e4a00000, 0x0000000100000000)
  eden space 30720K, 100% used [0x00000000e0000000,0x00000000e1e00000,0x00000000e1e00000)
  from space 2560K, 98% used [0x00000000e1e00000,0x00000000e2078030,0x00000000e2080000)
  to   space 7168K, 0% used [0x00000000e4300000,0x00000000e4300000,0x00000000e4a00000)
 ParOldGen       total 40960K, used 7345K [0x00000000a0000000, 0x00000000a2800000, 0x00000000e0000000)
  object space 40960K, 17% used [0x00000000a0000000,0x00000000a072c720,0x00000000a2800000)
 Metaspace       used 20373K, capacity 20872K, committed 21248K, reserved 1067008K
  class space    used 2822K, capacity 2973K, committed 3072K, reserved 1048576K
Event: 3.691 GC heap after
Heap after GC invocations=6 (full 0):
 PSYoungGen      total 67072K, used 7140K [0x00000000e0000000, 0x00000000e4d00000, 0x0000000100000000)
  eden space 59904K, 0% used [0x00000000e0000000,0x00000000e0000000,0x00000000e3a80000)
  from space 7168K, 99% used [0x00000000e4300000,0x00000000e49f91c8,0x00000000e4a00000)
  to   space 8704K, 0% used [0x00000000e3a80000,0x00000000e3a80000,0x00000000e4300000)
 ParOldGen       total 40960K, used 7729K [0x00000000a0000000, 0x00000000a2800000, 0x00000000e0000000)
  object space 40960K, 18% used [0x00000000a0000000,0x00000000a078c418,0x00000000a2800000)
 Metaspace       used 20373K, capacity 20872K, committed 21248K, reserved 1067008K
  class space    used 2822K, capacity 2973K, committed 3072K, reserved 1048576K
}
Event: 3.757 GC heap before
{Heap before GC invocations=7 (full 0):
 PSYoungGen      total 67072K, used 8813K [0x00000000e0000000, 0x00000000e4d00000, 0x0000000100000000)
  eden space 59904K, 2% used [0x00000000e0000000,0x00000000e01a2320,0x00000000e3a80000)
  from space 7168K, 99% used [0x00000000e4300000,0x00000000e49f91c8,0x00000000e4a00000)
  to   space 8704K, 0% used [0x00000000e3a80000,0x00000000e3a80000,0x00000000e4300000)
 ParOldGen       total 40960K, used 7729K [0x00000000a0000000, 0x00000000a2800000, 0x00000000e0000000)
  object space 40960K, 18% used [0x00000000a0000000,0x00000000a078c418,0x00000000a2800000)
 Metaspace       used 20576K, capacity 21032K, committed 21248K, reserved 1067008K
  class space    used 2851K, capacity 3005K, committed 3072K, reserved 1048576K
Event: 3.804 GC heap after
Heap after GC invocations=7 (full 0):
 PSYoungGen      total 68608K, used 4122K [0x00000000e0000000, 0x00000000e8500000, 0x0000000100000000)
  eden space 59904K, 0% used [0x00000000e0000000,0x00000000e0000000,0x00000000e3a80000)
  from space 8704K, 47% used [0x00000000e3a80000,0x00000000e3e86a38,0x00000000e4300000)
  to   space 8192K, 0% used [0x00000000e7d00000,0x00000000e7d00000,0x00000000e8500000)
 ParOldGen       total 40960K, used 8413K [0x00000000a0000000, 0x00000000a2800000, 0x00000000e0000000)
  object space 40960K, 20% used [0x00000000a0000000,0x00000000a0837468,0x00000000a2800000)
 Metaspace       used 20576K, capacity 21032K, committed 21248K, reserved 1067008K
  class space    used 2851K, capacity 3005K, committed 3072K, reserved 1048576K
}
Event: 3.804 GC heap before
{Heap before GC invocations=8 (full 1):
 PSYoungGen      total 68608K, used 4122K [0x00000000e0000000, 0x00000000e8500000, 0x0000000100000000)
  eden space 59904K, 0% used [0x00000000e0000000,0x00000000e0000000,0x00000000e3a80000)
  from space 8704K, 47% used [0x00000000e3a80000,0x00000000e3e86a38,0x00000000e4300000)
  to   space 8192K, 0% used [0x00000000e7d00000,0x00000000e7d00000,0x00000000e8500000)
 ParOldGen       total 40960K, used 8413K [0x00000000a0000000, 0x00000000a2800000, 0x00000000e0000000)
  object space 40960K, 20% used [0x00000000a0000000,0x00000000a0837468,0x00000000a2800000)
 Metaspace       used 20576K, capacity 21032K, committed 21248K, reserved 1067008K
  class space    used 2851K, capacity 3005K, committed 3072K, reserved 1048576K
Event: 3.878 GC heap after
Heap after GC invocations=8 (full 1):
 PSYoungGen      total 68608K, used 0K [0x00000000e0000000, 0x00000000e8500000, 0x0000000100000000)
  eden space 59904K, 0% used [0x00000000e0000000,0x00000000e0000000,0x00000000e3a80000)
  from space 8704K, 0% used [0x00000000e3a80000,0x00000000e3a80000,0x00000000e4300000)
  to   space 8192K, 0% used [0x00000000e7d00000,0x00000000e7d00000,0x00000000e8500000)
 ParOldGen       total 30720K, used 9308K [0x00000000a0000000, 0x00000000a1e00000, 0x00000000e0000000)
  object space 30720K, 30% used [0x00000000a0000000,0x00000000a0917150,0x00000000a1e00000)
 Metaspace       used 20576K, capacity 21032K, committed 21248K, reserved 1067008K
  class space    used 2851K, capacity 3005K, committed 3072K, reserved 1048576K
}
Event: 5.366 GC heap before
{Heap before GC invocations=9 (full 1):
 PSYoungGen      total 68608K, used 59656K [0x00000000e0000000, 0x00000000e8500000, 0x0000000100000000)
  eden space 59904K, 99% used [0x00000000e0000000,0x00000000e3a421f8,0x00000000e3a80000)
  from space 8704K, 0% used [0x00000000e3a80000,0x00000000e3a80000,0x00000000e4300000)
  to   space 8192K, 0% used [0x00000000e7d00000,0x00000000e7d00000,0x00000000e8500000)
 ParOldGen       total 30720K, used 9308K [0x00000000a0000000, 0x00000000a1e00000, 0x00000000e0000000)
  object space 30720K, 30% used [0x00000000a0000000,0x00000000a0917150,0x00000000a1e00000)
 Metaspace       used 24954K, capacity 25536K, committed 25728K, reserved 1071104K
  class space    used 3456K, capacity 3665K, committed 3712K, reserved 1048576K
Event: 5.377 GC heap after
Heap after GC invocations=9 (full 1):
 PSYoungGen      total 117760K, used 7040K [0x00000000e0000000, 0x00000000e8400000, 0x0000000100000000)
  eden space 110592K, 0% used [0x00000000e0000000,0x00000000e0000000,0x00000000e6c00000)
  from space 7168K, 98% used [0x00000000e7d00000,0x00000000e83e0040,0x00000000e8400000)
  to   space 9216K, 0% used [0x00000000e7200000,0x00000000e7200000,0x00000000e7b00000)
 ParOldGen       total 30720K, used 9316K [0x00000000a0000000, 0x00000000a1e00000, 0x00000000e0000000)
  object space 30720K, 30% used [0x00000000a0000000,0x00000000a0919150,0x00000000a1e00000)
 Metaspace       used 24954K, capacity 25536K, committed 25728K, reserved 1071104K
  class space    used 3456K, capacity 3665K, committed 3712K, reserved 1048576K
}
Event: 9.983 GC heap before
{Heap before GC invocations=10 (full 1):
 PSYoungGen      total 117760K, used 117632K [0x00000000e0000000, 0x00000000e8400000, 0x0000000100000000)
  eden space 110592K, 100% used [0x00000000e0000000,0x00000000e6c00000,0x00000000e6c00000)
  from space 7168K, 98% used [0x00000000e7d00000,0x00000000e83e0040,0x00000000e8400000)
  to   space 9216K, 0% used [0x00000000e7200000,0x00000000e7200000,0x00000000e7b00000)
 ParOldGen       total 30720K, used 9316K [0x00000000a0000000, 0x00000000a1e00000, 0x00000000e0000000)
  object space 30720K, 30% used [0x00000000a0000000,0x00000000a0919150,0x00000000a1e00000)
 Metaspace       used 32725K, capacity 33470K, committed 33664K, reserved 1079296K
  class space    used 4439K, capacity 4714K, committed 4736K, reserved 1048576K

