# JRE version: OpenJDK Runtime Environment (8.0_152-b01) (build 1.8.0_152-release-915-b01)
# Java VM: OpenJDK 64-Bit Server VM (25.152-b01 mixed mode linux-amd64 compressed oops)
Heap:
 PSYoungGen      total 171008K, used 10723K [0x00000000e0000000, 0x00000000ebd00000, 0x0000000100000000)
  eden space 160256K, 0% used [0x00000000e0000000,0x00000000e0000000,0x00000000e9c80000)
  from space 10752K, 99% used [0x00000000e9c80000,0x00000000ea6f8fa0,0x00000000ea700000)
  to   space 11264K, 0% used [0x00000000ea700000,0x00000000ea700000,0x00000000eb200000)
 ParOldGen       total 41984K, used 17991K [0x00000000a0000000, 0x00000000a2900000, 0x00000000e0000000)
  object space 41984K, 42% used [0x00000000a0000000,0x00000000a1191f90,0x00000000a2900000)
 Metaspace       used 45228K, capacity 46300K, committed 46680K, reserved 1089536K
  class space    used 6085K, capacity 6411K, committed 6528K, reserved 1048576K
GC Heap History (10 events):
Event: 3.672 GC heap after
Heap after GC invocations=8 (full 1):
 PSYoungGen      total 68608K, used 0K [0x00000000e0000000, 0x00000000e8500000, 0x0000000100000000)
  eden space 59904K, 0% used [0x00000000e0000000,0x00000000e0000000,0x00000000e3a80000)
  from space 8704K, 0% used [0x00000000e3a80000,0x00000000e3a80000,0x00000000e4300000)
  to   space 8192K, 0% used [0x00000000e7d00000,0x00000000e7d00000,0x00000000e8500000)
 ParOldGen       total 31232K, used 9316K [0x00000000a0000000, 0x00000000a1e80000, 0x00000000e0000000)
  object space 31232K, 29% used [0x00000000a0000000,0x00000000a0919150,0x00000000a1e80000)
 Metaspace       used 20632K, capacity 21032K, committed 21248K, reserved 1067008K
  class space    used 2859K, capacity 3005K, committed 3072K, reserved 1048576K
}
Event: 4.905 GC heap before
{Heap before GC invocations=9 (full 1):
 PSYoungGen      total 68608K, used 59901K [0x00000000e0000000, 0x00000000e8500000, 0x0000000100000000)
  eden space 59904K, 99% used [0x00000000e0000000,0x00000000e3a7f690,0x00000000e3a80000)
  from space 8704K, 0% used [0x00000000e3a80000,0x00000000e3a80000,0x00000000e4300000)
  to   space 8192K, 0% used [0x00000000e7d00000,0x00000000e7d00000,0x00000000e8500000)
 ParOldGen       total 31232K, used 9316K [0x00000000a0000000, 0x00000000a1e80000, 0x00000000e0000000)
  object space 31232K, 29% used [0x00000000a0000000,0x00000000a0919150,0x00000000a1e80000)
 Metaspace       used 24964K, capacity 25536K, committed 25728K, reserved 1071104K
  class space    used 3458K, capacity 3665K, committed 3712K, reserved 1048576K
Event: 4.962 GC heap after
Heap after GC invocations=9 (full 1):
 PSYoungGen      total 116224K, used 6801K [0x00000000e0000000, 0x00000000e8400000, 0x0000000100000000)
  eden space 109056K, 0% used [0x00000000e0000000,0x00000000e0000000,0x00000000e6a80000)
  from space 7168K, 94% used [0x00000000e7d00000,0x00000000e83a44c0,0x00000000e8400000)
  to   space 8704K, 0% used [0x00000000e7300000,0x00000000e7300000,0x00000000e7b80000)
 ParOldGen       total 31232K, used 9324K [0x00000000a0000000, 0x00000000a1e80000, 0x00000000e0000000)
  object space 31232K, 29% used [0x00000000a0000000,0x00000000a091b150,0x00000000a1e80000)
 Metaspace       used 24964K, capacity 25536K, committed 25728K, reserved 1071104K
  class space    used 3458K, capacity 3665K, committed 3712K, reserved 1048576K
}
Event: 7.879 GC heap before
{Heap before GC invocations=10 (full 1):
 PSYoungGen      total 116224K, used 115857K [0x00000000e0000000, 0x00000000e8400000, 0x0000000100000000)
  eden space 109056K, 100% used [0x00000000e0000000,0x00000000e6a80000,0x00000000e6a80000)
  from space 7168K, 94% used [0x00000000e7d00000,0x00000000e83a44c0,0x00000000e8400000)
  to   space 8704K, 0% used [0x00000000e7300000,0x00000000e7300000,0x00000000e7b80000)
 ParOldGen       total 31232K, used 9324K [0x00000000a0000000, 0x00000000a1e80000, 0x00000000e0000000)
  object space 31232K, 29% used [0x00000000a0000000,0x00000000a091b150,0x00000000a1e80000)
 Metaspace       used 32761K, capacity 33470K, committed 33664K, reserved 1079296K
  class space    used 4440K, capacity 4714K, committed 4736K, reserved 1048576K
Event: 7.900 GC heap after
Heap after GC invocations=10 (full 1):
 PSYoungGen      total 126464K, used 8675K [0x00000000e0000000, 0x00000000eb200000, 0x0000000100000000)
  eden space 117760K, 0% used [0x00000000e0000000,0x00000000e0000000,0x00000000e7300000)
  from space 8704K, 99% used [0x00000000e7300000,0x00000000e7b78df8,0x00000000e7b80000)
  to   space 11264K, 0% used [0x00000000ea700000,0x00000000ea700000,0x00000000eb200000)
 ParOldGen       total 31232K, used 12112K [0x00000000a0000000, 0x00000000a1e80000, 0x00000000e0000000)
  object space 31232K, 38% used [0x00000000a0000000,0x00000000a0bd42a0,0x00000000a1e80000)
 Metaspace       used 32761K, capacity 33470K, committed 33664K, reserved 1079296K
  class space    used 4440K, capacity 4714K, committed 4736K, reserved 1048576K
}
Event: 8.158 GC heap before
{Heap before GC invocations=11 (full 1):
 PSYoungGen      total 126464K, used 20750K [0x00000000e0000000, 0x00000000eb200000, 0x0000000100000000)
  eden space 117760K, 10% used [0x00000000e0000000,0x00000000e0bcad30,0x00000000e7300000)
  from space 8704K, 99% used [0x00000000e7300000,0x00000000e7b78df8,0x00000000e7b80000)
  to   space 11264K, 0% used [0x00000000ea700000,0x00000000ea700000,0x00000000eb200000)
 ParOldGen       total 31232K, used 12112K [0x00000000a0000000, 0x00000000a1e80000, 0x00000000e0000000)
  object space 31232K, 38% used [0x00000000a0000000,0x00000000a0bd42a0,0x00000000a1e80000)
 Metaspace       used 34555K, capacity 35234K, committed 35416K, reserved 1079296K
  class space    used 4656K, capacity 4920K, committed 4992K, reserved 1048576K
Event: 8.173 GC heap after
Heap after GC invocations=11 (full 1):
 PSYoungGen      total 171520K, used 4977K [0x00000000e0000000, 0x00000000ebd00000, 0x0000000100000000)
  eden space 160256K, 0% used [0x00000000e0000000,0x00000000e0000000,0x00000000e9c80000)
  from space 11264K, 44% used [0x00000000ea700000,0x00000000eabdc440,0x00000000eb200000)
  to   space 10752K, 0% used [0x00000000e9c80000,0x00000000e9c80000,0x00000000ea700000)
 ParOldGen       total 31232K, used 15541K [0x00000000a0000000, 0x00000000a1e80000, 0x00000000e0000000)
  object space 31232K, 49% used [0x00000000a0000000,0x00000000a0f2d5e0,0x00000000a1e80000)
 Metaspace       used 34555K, capacity 35234K, committed 35416K, reserved 1079296K
  class space    used 4656K, capacity 4920K, committed 4992K, reserved 1048576K
}
Event: 8.174 GC heap before
{Heap before GC invocations=12 (full 2):
 PSYoungGen      total 171520K, used 4977K [0x00000000e0000000, 0x00000000ebd00000, 0x0000000100000000)
  eden space 160256K, 0% used [0x00000000e0000000,0x00000000e0000000,0x00000000e9c80000)
  from space 11264K, 44% used [0x00000000ea700000,0x00000000eabdc440,0x00000000eb200000)
  to   space 10752K, 0% used [0x00000000e9c80000,0x00000000e9c80000,0x00000000ea700000)
 ParOldGen       total 31232K, used 15541K [0x00000000a0000000, 0x00000000a1e80000, 0x00000000e0000000)
  object space 31232K, 49% used [0x00000000a0000000,0x00000000a0f2d5e0,0x00000000a1e80000)
 Metaspace       used 34555K, capacity 35234K, committed 35416K, reserved 1079296K
  class space    used 4656K, capacity 4920K, committed 4992K, reserved 1048576K
Event: 8.273 GC heap after
Heap after GC invocations=12 (full 2):
 PSYoungGen      total 171520K, used 0K [0x00000000e0000000, 0x00000000ebd00000, 0x0000000100000000)
  eden space 160256K, 0% used [0x00000000e0000000,0x00000000e0000000,0x00000000e9c80000)
  from space 11264K, 0% used [0x00000000ea700000,0x00000000ea700000,0x00000000eb200000)
  to   space 10752K, 0% used [0x00000000e9c80000,0x00000000e9c80000,0x00000000ea700000)
 ParOldGen       total 41984K, used 14544K [0x00000000a0000000, 0x00000000a2900000, 0x00000000e0000000)
  object space 41984K, 34% used [0x00000000a0000000,0x00000000a0e34258,0x00000000a2900000)
 Metaspace       used 34555K, capacity 35234K, committed 35416K, reserved 1079296K
  class space    used 4656K, capacity 4920K, committed 4992K, reserved 1048576K
}
Event: 12.539 GC heap before
{Heap before GC invocations=13 (full 2):
 PSYoungGen      total 171520K, used 160256K [0x00000000e0000000, 0x00000000ebd00000, 0x0000000100000000)
  eden space 160256K, 100% used [0x00000000e0000000,0x00000000e9c80000,0x00000000e9c80000)
  from space 11264K, 0% used [0x00000000ea700000,0x00000000ea700000,0x00000000eb200000)
  to   space 10752K, 0% used [0x00000000e9c80000,0x00000000e9c80000,0x00000000ea700000)
 ParOldGen       total 41984K, used 14544K [0x00000000a0000000, 0x00000000a2900000, 0x00000000e0000000)
  object space 41984K, 34% used [0x00000000a0000000,0x00000000a0e34258,0x00000000a2900000)
 Metaspace       used 45228K, capacity 46300K, committed 46680K, reserved 1089536K
  class space    used 6085K, capacity 6411K, committed 6528K, reserved 1048576K

